<?xml version="1.0" encoding="UTF-8"?>
<!-- Generated by org.testng.reporters.JUnitReportReporter -->
<testsuite skipped="0" hostname="WL313813" name="com.tieto.openemrtest.DemoTest" tests="1" failures="0" timestamp="03 Jul 2020 07:57:11 GMT" time="1.215" errors="0">
  <testcase name="excelRead" time="1.215" classname="com.tieto.openemrtest.DemoTest"/>
</testsuite> <!-- com.tieto.openemrtest.DemoTest -->
