<?xml version="1.0" encoding="UTF-8"?>
<!-- Generated by org.testng.reporters.JUnitReportReporter -->
<testsuite skipped="0" hostname="WL313813" name="com.tieto.openemrtest.LoginTest" tests="1" failures="0" timestamp="02 Jul 2020 13:30:33 GMT" time="17.495" errors="0">
  <testcase name="validCredentialTest" time="17.495" classname="com.tieto.openemrtest.LoginTest"/>
</testsuite> <!-- com.tieto.openemrtest.LoginTest -->
